<?xml version="1.0" encoding="UTF-8"?>
<!-- Generated by org.testng.reporters.JUnitXMLReporter -->
<testsuite ignored="0" hostname="DESKTOP-5SFAHUT" failures="0" tests="4" name="Test2" time="85.864" errors="0" timestamp="2024-07-15T15:28:39 IST">
  <testcase classname="batchExecutionClasses.HarleyDavidson" name="harleyDavidson" time="46.303"/>
  <testcase classname="batchExecutionClasses.HarleyDavidson" name="jawa" time="6.563"/>
  <testcase classname="batchExecutionClasses.Continental" name="continentalGT650" time="26.538"/>
  <testcase classname="batchExecutionClasses.Hayabusa" name="hayabusa" time="6.386"/>
</testsuite> <!-- Test2 -->
