<?xml version="1.0" encoding="UTF-8"?>
<!-- Generated by org.testng.reporters.JUnitXMLReporter -->
<testsuite ignored="0" hostname="DESKTOP-5SFAHUT" failures="0" tests="3" name="Test1" time="52.876" errors="0" timestamp="2024-07-15T15:28:06 IST">
  <testcase classname="batchExecutionClasses.Flipkart" name="flipkart" time="18.645"/>
  <testcase classname="batchExecutionClasses.Meesho" name="meesho" time="15.824"/>
  <testcase classname="batchExecutionClasses.Amazon" name="amazon" time="18.327"/>
</testsuite> <!-- Test1 -->
