<?xml version="1.0" encoding="UTF-8"?>
<!-- Generated by org.testng.reporters.JUnitXMLReporter -->
<testsuite ignored="0" hostname="DESKTOP-5SFAHUT" failures="0" tests="5" name="Test" time="43.434" errors="0" timestamp="2024-07-26T16:11:14 IST">
  <testcase classname="com.groupExecutionClasses.AlluArjun" name="alluArjun" time="16.619"/>
  <testcase classname="com.groupExecutionClasses.VickyKaushal" name="vickyKaushal" time="6.543"/>
  <testcase classname="com.groupExecutionClasses.MaheshBabu" name="maheshBabu" time="7.036"/>
  <testcase classname="com.groupExecutionClasses.Yash" name="yash" time="6.876"/>
  <testcase classname="com.groupExecutionClasses.Puneeth" name="puneeth" time="6.222"/>
</testsuite> <!-- Test -->
